{
"contracts\\fungibleToken.sol":{"l":{"12":6,"13":4,"16":6,"21":4,"22":4,"25":3},"path":"C:\\Users\\mehmet.geckil\\Desktop\\project\\contracts\\fungibleToken.sol","s":{"1":6,"2":4,"3":4},"b":{"1":[4,2],"2":[4,2],"3":[4,0],"4":[3,1]},"f":{"1":6,"2":6,"3":4,"4":3},"fnMap":{"1":{"name":"onlyNFTContract","line":11,"loc":{"start":{"line":11,"column":4},"end":{"line":14,"column":4}}},"2":{"name":"constructor","line":15,"loc":{"start":{"line":15,"column":4},"end":{"line":18,"column":4}}},"3":{"name":"mint","line":20,"loc":{"start":{"line":20,"column":4},"end":{"line":23,"column":4}}},"4":{"name":"setNFTContract","line":24,"loc":{"start":{"line":24,"column":7},"end":{"line":26,"column":4}}}},"statementMap":{"1":{"start":{"line":12,"column":8},"end":{"line":12,"column":64}},"2":{"start":{"line":21,"column":8},"end":{"line":21,"column":73}},"3":{"start":{"line":22,"column":8},"end":{"line":22,"column":24}}},"branchMap":{"1":{"line":12,"type":"if","locations":[{"start":{"line":12,"column":8},"end":{"line":12,"column":8}},{"start":{"line":12,"column":8},"end":{"line":12,"column":8}}]},"2":{"line":20,"type":"if","locations":[{"start":{"line":20,"column":55},"end":{"line":20,"column":55}},{"start":{"line":20,"column":55},"end":{"line":20,"column":55}}]},"3":{"line":21,"type":"if","locations":[{"start":{"line":21,"column":8},"end":{"line":21,"column":8}},{"start":{"line":21,"column":8},"end":{"line":21,"column":8}}]},"4":{"line":24,"type":"if","locations":[{"start":{"line":24,"column":62},"end":{"line":24,"column":62}},{"start":{"line":24,"column":62},"end":{"line":24,"column":62}}]}}},
"contracts\\nftcontract.sol":{"l":{"23":6,"24":6,"31":4,"32":4,"33":4,"34":4,"36":4,"37":4,"39":4,"43":5,"44":5,"46":5,"47":5,"50":5,"52":5,"54":4,"56":4,"60":1,"61":1,"62":1,"63":1,"64":1,"65":1,"66":1,"67":1},"path":"C:\\Users\\mehmet.geckil\\Desktop\\project\\contracts\\nftcontract.sol","s":{"1":4,"2":5,"3":5,"4":4,"5":1},"b":{"1":[4,1]},"f":{"1":6,"2":4,"3":5,"4":1},"fnMap":{"1":{"name":"constructor","line":22,"loc":{"start":{"line":22,"column":4},"end":{"line":28,"column":4}}},"2":{"name":"mintNFT","line":30,"loc":{"start":{"line":30,"column":4},"end":{"line":40,"column":4}}},"3":{"name":"claimTokens","line":42,"loc":{"start":{"line":42,"column":3},"end":{"line":57,"column":4}}},"4":{"name":"safeTransferFrom","line":59,"loc":{"start":{"line":59,"column":4},"end":{"line":68,"column":4}}}},"statementMap":{"1":{"start":{"line":31,"column":8},"end":{"line":31,"column":42}},"2":{"start":{"line":46,"column":4},"end":{"line":46,"column":25}},"3":{"start":{"line":52,"column":4},"end":{"line":52,"column":51}},"4":{"start":{"line":54,"column":4},"end":{"line":54,"column":48}},"5":{"start":{"line":65,"column":8},"end":{"line":65,"column":53}}},"branchMap":{"1":{"line":52,"type":"if","locations":[{"start":{"line":52,"column":4},"end":{"line":52,"column":4}},{"start":{"line":52,"column":4},"end":{"line":52,"column":4}}]}}}}
