TN:
SF:C:\Users\mehmet.geckil\Desktop\project\contracts\fungibleToken.sol
FN:11,onlyNFTContract
FN:15,constructor
FN:20,mint
FN:24,setNFTContract
FNF:4
FNH:4
FNDA:6,onlyNFTContract
FNDA:6,constructor
FNDA:4,mint
FNDA:3,setNFTContract
DA:12,6
DA:13,4
DA:16,6
DA:21,4
DA:22,4
DA:25,3
LF:6
LH:6
BRDA:12,1,0,4
BRDA:12,1,1,2
BRDA:20,2,0,4
BRDA:20,2,1,2
BRDA:21,3,0,4
BRDA:21,3,1,0
BRDA:24,4,0,3
BRDA:24,4,1,1
BRF:8
BRH:7
end_of_record
TN:
SF:C:\Users\mehmet.geckil\Desktop\project\contracts\nftcontract.sol
FN:22,constructor
FN:30,mintNFT
FN:42,claimTokens
FN:59,safeTransferFrom
FNF:4
FNH:4
FNDA:6,constructor
FNDA:4,mintNFT
FNDA:5,claimTokens
FNDA:1,safeTransferFrom
DA:23,6
DA:24,6
DA:31,4
DA:32,4
DA:33,4
DA:34,4
DA:36,4
DA:37,4
DA:39,4
DA:43,5
DA:44,5
DA:46,5
DA:47,5
DA:50,5
DA:52,5
DA:54,4
DA:56,4
DA:60,1
DA:61,1
DA:62,1
DA:63,1
DA:64,1
DA:65,1
DA:66,1
DA:67,1
LF:25
LH:25
BRDA:52,1,0,4
BRDA:52,1,1,1
BRF:2
BRH:2
end_of_record
